C:\Users\ernest.a.phillips\Source\Repos\.NET-Angular-2-Application-Tutuorial\Angular 2 Demo\src\app\app.component.js
C:\Users\ernest.a.phillips\Source\Repos\.NET-Angular-2-Application-Tutuorial\Angular 2 Demo\src\app\app.component.js.map
C:\Users\ernest.a.phillips\Source\Repos\.NET-Angular-2-Application-Tutuorial\Angular 2 Demo\src\app\employee\employee.component.js
C:\Users\ernest.a.phillips\Source\Repos\.NET-Angular-2-Application-Tutuorial\Angular 2 Demo\src\app\employee\employee.component.js.map
C:\Users\ernest.a.phillips\Source\Repos\.NET-Angular-2-Application-Tutuorial\Angular 2 Demo\src\app\employee\employee.js
C:\Users\ernest.a.phillips\Source\Repos\.NET-Angular-2-Application-Tutuorial\Angular 2 Demo\src\app\employee\employee.js.map
C:\Users\ernest.a.phillips\Source\Repos\.NET-Angular-2-Application-Tutuorial\Angular 2 Demo\src\app\employee\employee.service.js
C:\Users\ernest.a.phillips\Source\Repos\.NET-Angular-2-Application-Tutuorial\Angular 2 Demo\src\app\employee\employee.service.js.map
C:\Users\ernest.a.phillips\Source\Repos\.NET-Angular-2-Application-Tutuorial\Angular 2 Demo\src\app\employee\employee-list.component.js
C:\Users\ernest.a.phillips\Source\Repos\.NET-Angular-2-Application-Tutuorial\Angular 2 Demo\src\app\employee\employee-list.component.js.map
C:\Users\ernest.a.phillips\Source\Repos\.NET-Angular-2-Application-Tutuorial\Angular 2 Demo\src\app\employee\employee-title.pipe.js
C:\Users\ernest.a.phillips\Source\Repos\.NET-Angular-2-Application-Tutuorial\Angular 2 Demo\src\app\employee\employee-title.pipe.js.map
C:\Users\ernest.a.phillips\Source\Repos\.NET-Angular-2-Application-Tutuorial\Angular 2 Demo\src\app\employee\employee-count.component.js
C:\Users\ernest.a.phillips\Source\Repos\.NET-Angular-2-Application-Tutuorial\Angular 2 Demo\src\app\employee\employee-count.component.js.map
C:\Users\ernest.a.phillips\Source\Repos\.NET-Angular-2-Application-Tutuorial\Angular 2 Demo\src\app\others\simple.component.js
C:\Users\ernest.a.phillips\Source\Repos\.NET-Angular-2-Application-Tutuorial\Angular 2 Demo\src\app\others\simple.component.js.map
C:\Users\ernest.a.phillips\Source\Repos\.NET-Angular-2-Application-Tutuorial\Angular 2 Demo\src\app\home\home.component.js
C:\Users\ernest.a.phillips\Source\Repos\.NET-Angular-2-Application-Tutuorial\Angular 2 Demo\src\app\home\home.component.js.map
C:\Users\ernest.a.phillips\Source\Repos\.NET-Angular-2-Application-Tutuorial\Angular 2 Demo\src\app\others\page-not-found.component.js
C:\Users\ernest.a.phillips\Source\Repos\.NET-Angular-2-Application-Tutuorial\Angular 2 Demo\src\app\others\page-not-found.component.js.map
C:\Users\ernest.a.phillips\Source\Repos\.NET-Angular-2-Application-Tutuorial\Angular 2 Demo\src\app\app-routing.module.js
C:\Users\ernest.a.phillips\Source\Repos\.NET-Angular-2-Application-Tutuorial\Angular 2 Demo\src\app\app-routing.module.js.map
C:\Users\ernest.a.phillips\Source\Repos\.NET-Angular-2-Application-Tutuorial\Angular 2 Demo\src\app\app.module.js
C:\Users\ernest.a.phillips\Source\Repos\.NET-Angular-2-Application-Tutuorial\Angular 2 Demo\src\app\app.module.js.map
C:\Users\ernest.a.phillips\Source\Repos\.NET-Angular-2-Application-Tutuorial\Angular 2 Demo\src\main.js
C:\Users\ernest.a.phillips\Source\Repos\.NET-Angular-2-Application-Tutuorial\Angular 2 Demo\src\main.js.map
